The target system is: Android - 1 - armv7-a
The host system is: Linux - 4.19.91-009.ali4000.alios7.x86_64 - x86_64
Determining if the C compiler works passed with the following output:
Change Dir: /home/admin/gaodawei.gdw/FSDevice/MNN/project/android/build_32/CMakeFiles/CMakeTmp

Run Build Command:"/usr/bin/make" "cmTC_064ce/fast"
/usr/bin/make -f CMakeFiles/cmTC_064ce.dir/build.make CMakeFiles/cmTC_064ce.dir/build
make[1]: Entering directory '/home/admin/gaodawei.gdw/FSDevice/MNN/project/android/build_32/CMakeFiles/CMakeTmp'
Building C object CMakeFiles/cmTC_064ce.dir/testCCompiler.c.o
/home/admin/gaodawei.gdw/FSDevice/android-ndk-r25b/toolchains/llvm/prebuilt/linux-x86_64/bin/clang --target=armv7-none-linux-androideabi19 --sysroot=/home/admin/gaodawei.gdw/FSDevice/android-ndk-r25b/toolchains/llvm/prebuilt/linux-x86_64/sysroot   -g -DANDROID -fdata-sections -ffunction-sections -funwind-tables -fstack-protector-strong -no-canonical-prefixes -D_FORTIFY_SOURCE=2 -march=armv7-a -mthumb -Wformat -Werror=format-security   -fPIE   -o CMakeFiles/cmTC_064ce.dir/testCCompiler.c.o   -c /home/admin/gaodawei.gdw/FSDevice/MNN/project/android/build_32/CMakeFiles/CMakeTmp/testCCompiler.c
Linking C executable cmTC_064ce
/usr/bin/cmake -E cmake_link_script CMakeFiles/cmTC_064ce.dir/link.txt --verbose=1
/home/admin/gaodawei.gdw/FSDevice/android-ndk-r25b/toolchains/llvm/prebuilt/linux-x86_64/bin/clang --target=armv7-none-linux-androideabi19 --sysroot=/home/admin/gaodawei.gdw/FSDevice/android-ndk-r25b/toolchains/llvm/prebuilt/linux-x86_64/sysroot -g -DANDROID -fdata-sections -ffunction-sections -funwind-tables -fstack-protector-strong -no-canonical-prefixes -D_FORTIFY_SOURCE=2 -march=armv7-a -mthumb -Wformat -Werror=format-security    -static-libstdc++ -Wl,--build-id=sha1 -Wl,--no-rosegment -Wl,--fatal-warnings -Wl,--gc-sections -Wl,--no-undefined -Qunused-arguments -Wl,--gc-sections   CMakeFiles/cmTC_064ce.dir/testCCompiler.c.o  -o cmTC_064ce -latomic -lm 
make[1]: Leaving directory '/home/admin/gaodawei.gdw/FSDevice/MNN/project/android/build_32/CMakeFiles/CMakeTmp'


Detecting C compiler ABI info compiled with the following output:
Change Dir: /home/admin/gaodawei.gdw/FSDevice/MNN/project/android/build_32/CMakeFiles/CMakeTmp

Run Build Command:"/usr/bin/make" "cmTC_0a8b2/fast"
/usr/bin/make -f CMakeFiles/cmTC_0a8b2.dir/build.make CMakeFiles/cmTC_0a8b2.dir/build
make[1]: Entering directory '/home/admin/gaodawei.gdw/FSDevice/MNN/project/android/build_32/CMakeFiles/CMakeTmp'
Building C object CMakeFiles/cmTC_0a8b2.dir/CMakeCCompilerABI.c.o
/home/admin/gaodawei.gdw/FSDevice/android-ndk-r25b/toolchains/llvm/prebuilt/linux-x86_64/bin/clang --target=armv7-none-linux-androideabi19 --sysroot=/home/admin/gaodawei.gdw/FSDevice/android-ndk-r25b/toolchains/llvm/prebuilt/linux-x86_64/sysroot   -g -DANDROID -fdata-sections -ffunction-sections -funwind-tables -fstack-protector-strong -no-canonical-prefixes -D_FORTIFY_SOURCE=2 -march=armv7-a -mthumb -Wformat -Werror=format-security   -fPIE   -o CMakeFiles/cmTC_0a8b2.dir/CMakeCCompilerABI.c.o   -c /usr/share/cmake-3.10/Modules/CMakeCCompilerABI.c
Linking C executable cmTC_0a8b2
/usr/bin/cmake -E cmake_link_script CMakeFiles/cmTC_0a8b2.dir/link.txt --verbose=1
/home/admin/gaodawei.gdw/FSDevice/android-ndk-r25b/toolchains/llvm/prebuilt/linux-x86_64/bin/clang --target=armv7-none-linux-androideabi19 --sysroot=/home/admin/gaodawei.gdw/FSDevice/android-ndk-r25b/toolchains/llvm/prebuilt/linux-x86_64/sysroot -g -DANDROID -fdata-sections -ffunction-sections -funwind-tables -fstack-protector-strong -no-canonical-prefixes -D_FORTIFY_SOURCE=2 -march=armv7-a -mthumb -Wformat -Werror=format-security    -static-libstdc++ -Wl,--build-id=sha1 -Wl,--no-rosegment -Wl,--fatal-warnings -Wl,--gc-sections -Wl,--no-undefined -Qunused-arguments -Wl,--gc-sections  -v CMakeFiles/cmTC_0a8b2.dir/CMakeCCompilerABI.c.o  -o cmTC_0a8b2 
Android (8490178, based on r450784d) clang version 14.0.6 (https://android.googlesource.com/toolchain/llvm-project 4c603efb0cca074e9238af8b4106c30add4418f6)
Target: armv7-none-linux-android19
Thread model: posix
InstalledDir: /home/admin/gaodawei.gdw/FSDevice/android-ndk-r25b/toolchains/llvm/prebuilt/linux-x86_64/bin
 "/home/admin/gaodawei.gdw/FSDevice/android-ndk-r25b/toolchains/llvm/prebuilt/linux-x86_64/bin/ld" --sysroot=/home/admin/gaodawei.gdw/FSDevice/android-ndk-r25b/toolchains/llvm/prebuilt/linux-x86_64/sysroot -pie -EL --warn-shared-textrel -z now -z relro -z max-page-size=4096 -X --hash-style=gnu --hash-style=both --enable-new-dtags --eh-frame-hdr -m armelf_linux_eabi -dynamic-linker /system/bin/linker -o cmTC_0a8b2 /home/admin/gaodawei.gdw/FSDevice/android-ndk-r25b/toolchains/llvm/prebuilt/linux-x86_64/sysroot/usr/lib/arm-linux-androideabi/19/crtbegin_dynamic.o -L/home/admin/gaodawei.gdw/FSDevice/android-ndk-r25b/toolchains/llvm/prebuilt/linux-x86_64/lib64/clang/14.0.6/lib/linux/arm -L/home/admin/gaodawei.gdw/FSDevice/android-ndk-r25b/toolchains/llvm/prebuilt/linux-x86_64/sysroot/usr/lib/arm-linux-androideabi/19 -L/home/admin/gaodawei.gdw/FSDevice/android-ndk-r25b/toolchains/llvm/prebuilt/linux-x86_64/sysroot/usr/lib/arm-linux-androideabi -L/home/admin/gaodawei.gdw/FSDevice/android-ndk-r25b/toolchains/llvm/prebuilt/linux-x86_64/sysroot/usr/lib/../lib -L/home/admin/gaodawei.gdw/FSDevice/android-ndk-r25b/toolchains/llvm/prebuilt/linux-x86_64/sysroot/usr/lib --build-id=sha1 --no-rosegment --fatal-warnings --gc-sections --no-undefined --gc-sections CMakeFiles/cmTC_0a8b2.dir/CMakeCCompilerABI.c.o /home/admin/gaodawei.gdw/FSDevice/android-ndk-r25b/toolchains/llvm/prebuilt/linux-x86_64/lib64/clang/14.0.6/lib/linux/libclang_rt.builtins-arm-android.a -l:libunwind.a -ldl -lc /home/admin/gaodawei.gdw/FSDevice/android-ndk-r25b/toolchains/llvm/prebuilt/linux-x86_64/lib64/clang/14.0.6/lib/linux/libclang_rt.builtins-arm-android.a -l:libunwind.a -ldl /home/admin/gaodawei.gdw/FSDevice/android-ndk-r25b/toolchains/llvm/prebuilt/linux-x86_64/sysroot/usr/lib/arm-linux-androideabi/19/crtend_android.o
make[1]: Leaving directory '/home/admin/gaodawei.gdw/FSDevice/MNN/project/android/build_32/CMakeFiles/CMakeTmp'


Parsed C implicit link information from above output:
  link line regex: [^( *|.*[/\])(CMAKE_LINKER-NOTFOUND|CMAKE_LINK_STARTFILE-NOTFOUND|([^/\]+-)?ld|collect2)[^/\]*( |$)]
  ignore line: [Change Dir: /home/admin/gaodawei.gdw/FSDevice/MNN/project/android/build_32/CMakeFiles/CMakeTmp]
  ignore line: []
  ignore line: [Run Build Command:"/usr/bin/make" "cmTC_0a8b2/fast"]
  ignore line: [/usr/bin/make -f CMakeFiles/cmTC_0a8b2.dir/build.make CMakeFiles/cmTC_0a8b2.dir/build]
  ignore line: [make[1]: Entering directory '/home/admin/gaodawei.gdw/FSDevice/MNN/project/android/build_32/CMakeFiles/CMakeTmp']
  ignore line: [Building C object CMakeFiles/cmTC_0a8b2.dir/CMakeCCompilerABI.c.o]
  ignore line: [/home/admin/gaodawei.gdw/FSDevice/android-ndk-r25b/toolchains/llvm/prebuilt/linux-x86_64/bin/clang --target=armv7-none-linux-androideabi19 --sysroot=/home/admin/gaodawei.gdw/FSDevice/android-ndk-r25b/toolchains/llvm/prebuilt/linux-x86_64/sysroot   -g -DANDROID -fdata-sections -ffunction-sections -funwind-tables -fstack-protector-strong -no-canonical-prefixes -D_FORTIFY_SOURCE=2 -march=armv7-a -mthumb -Wformat -Werror=format-security   -fPIE   -o CMakeFiles/cmTC_0a8b2.dir/CMakeCCompilerABI.c.o   -c /usr/share/cmake-3.10/Modules/CMakeCCompilerABI.c]
  ignore line: [Linking C executable cmTC_0a8b2]
  ignore line: [/usr/bin/cmake -E cmake_link_script CMakeFiles/cmTC_0a8b2.dir/link.txt --verbose=1]
  ignore line: [/home/admin/gaodawei.gdw/FSDevice/android-ndk-r25b/toolchains/llvm/prebuilt/linux-x86_64/bin/clang --target=armv7-none-linux-androideabi19 --sysroot=/home/admin/gaodawei.gdw/FSDevice/android-ndk-r25b/toolchains/llvm/prebuilt/linux-x86_64/sysroot -g -DANDROID -fdata-sections -ffunction-sections -funwind-tables -fstack-protector-strong -no-canonical-prefixes -D_FORTIFY_SOURCE=2 -march=armv7-a -mthumb -Wformat -Werror=format-security    -static-libstdc++ -Wl,--build-id=sha1 -Wl,--no-rosegment -Wl,--fatal-warnings -Wl,--gc-sections -Wl,--no-undefined -Qunused-arguments -Wl,--gc-sections  -v CMakeFiles/cmTC_0a8b2.dir/CMakeCCompilerABI.c.o  -o cmTC_0a8b2 ]
  ignore line: [Android (8490178, based on r450784d) clang version 14.0.6 (https://android.googlesource.com/toolchain/llvm-project 4c603efb0cca074e9238af8b4106c30add4418f6)]
  ignore line: [Target: armv7-none-linux-android19]
  ignore line: [Thread model: posix]
  ignore line: [InstalledDir: /home/admin/gaodawei.gdw/FSDevice/android-ndk-r25b/toolchains/llvm/prebuilt/linux-x86_64/bin]
  link line: [ "/home/admin/gaodawei.gdw/FSDevice/android-ndk-r25b/toolchains/llvm/prebuilt/linux-x86_64/bin/ld" --sysroot=/home/admin/gaodawei.gdw/FSDevice/android-ndk-r25b/toolchains/llvm/prebuilt/linux-x86_64/sysroot -pie -EL --warn-shared-textrel -z now -z relro -z max-page-size=4096 -X --hash-style=gnu --hash-style=both --enable-new-dtags --eh-frame-hdr -m armelf_linux_eabi -dynamic-linker /system/bin/linker -o cmTC_0a8b2 /home/admin/gaodawei.gdw/FSDevice/android-ndk-r25b/toolchains/llvm/prebuilt/linux-x86_64/sysroot/usr/lib/arm-linux-androideabi/19/crtbegin_dynamic.o -L/home/admin/gaodawei.gdw/FSDevice/android-ndk-r25b/toolchains/llvm/prebuilt/linux-x86_64/lib64/clang/14.0.6/lib/linux/arm -L/home/admin/gaodawei.gdw/FSDevice/android-ndk-r25b/toolchains/llvm/prebuilt/linux-x86_64/sysroot/usr/lib/arm-linux-androideabi/19 -L/home/admin/gaodawei.gdw/FSDevice/android-ndk-r25b/toolchains/llvm/prebuilt/linux-x86_64/sysroot/usr/lib/arm-linux-androideabi -L/home/admin/gaodawei.gdw/FSDevice/android-ndk-r25b/toolchains/llvm/prebuilt/linux-x86_64/sysroot/usr/lib/../lib -L/home/admin/gaodawei.gdw/FSDevice/android-ndk-r25b/toolchains/llvm/prebuilt/linux-x86_64/sysroot/usr/lib --build-id=sha1 --no-rosegment --fatal-warnings --gc-sections --no-undefined --gc-sections CMakeFiles/cmTC_0a8b2.dir/CMakeCCompilerABI.c.o /home/admin/gaodawei.gdw/FSDevice/android-ndk-r25b/toolchains/llvm/prebuilt/linux-x86_64/lib64/clang/14.0.6/lib/linux/libclang_rt.builtins-arm-android.a -l:libunwind.a -ldl -lc /home/admin/gaodawei.gdw/FSDevice/android-ndk-r25b/toolchains/llvm/prebuilt/linux-x86_64/lib64/clang/14.0.6/lib/linux/libclang_rt.builtins-arm-android.a -l:libunwind.a -ldl /home/admin/gaodawei.gdw/FSDevice/android-ndk-r25b/toolchains/llvm/prebuilt/linux-x86_64/sysroot/usr/lib/arm-linux-androideabi/19/crtend_android.o]
    arg [/home/admin/gaodawei.gdw/FSDevice/android-ndk-r25b/toolchains/llvm/prebuilt/linux-x86_64/bin/ld] ==> ignore
    arg [--sysroot=/home/admin/gaodawei.gdw/FSDevice/android-ndk-r25b/toolchains/llvm/prebuilt/linux-x86_64/sysroot] ==> ignore
    arg [-pie] ==> ignore
    arg [-EL] ==> ignore
    arg [--warn-shared-textrel] ==> ignore
    arg [-znow] ==> ignore
    arg [-zrelro] ==> ignore
    arg [-zmax-page-size=4096] ==> ignore
    arg [-X] ==> ignore
    arg [--hash-style=gnu] ==> ignore
    arg [--hash-style=both] ==> ignore
    arg [--enable-new-dtags] ==> ignore
    arg [--eh-frame-hdr] ==> ignore
    arg [-m] ==> ignore
    arg [armelf_linux_eabi] ==> ignore
    arg [-dynamic-linker] ==> ignore
    arg [/system/bin/linker] ==> ignore
    arg [-o] ==> ignore
    arg [cmTC_0a8b2] ==> ignore
    arg [/home/admin/gaodawei.gdw/FSDevice/android-ndk-r25b/toolchains/llvm/prebuilt/linux-x86_64/sysroot/usr/lib/arm-linux-androideabi/19/crtbegin_dynamic.o] ==> ignore
    arg [-L/home/admin/gaodawei.gdw/FSDevice/android-ndk-r25b/toolchains/llvm/prebuilt/linux-x86_64/lib64/clang/14.0.6/lib/linux/arm] ==> dir [/home/admin/gaodawei.gdw/FSDevice/android-ndk-r25b/toolchains/llvm/prebuilt/linux-x86_64/lib64/clang/14.0.6/lib/linux/arm]
    arg [-L/home/admin/gaodawei.gdw/FSDevice/android-ndk-r25b/toolchains/llvm/prebuilt/linux-x86_64/sysroot/usr/lib/arm-linux-androideabi/19] ==> dir [/home/admin/gaodawei.gdw/FSDevice/android-ndk-r25b/toolchains/llvm/prebuilt/linux-x86_64/sysroot/usr/lib/arm-linux-androideabi/19]
    arg [-L/home/admin/gaodawei.gdw/FSDevice/android-ndk-r25b/toolchains/llvm/prebuilt/linux-x86_64/sysroot/usr/lib/arm-linux-androideabi] ==> dir [/home/admin/gaodawei.gdw/FSDevice/android-ndk-r25b/toolchains/llvm/prebuilt/linux-x86_64/sysroot/usr/lib/arm-linux-androideabi]
    arg [-L/home/admin/gaodawei.gdw/FSDevice/android-ndk-r25b/toolchains/llvm/prebuilt/linux-x86_64/sysroot/usr/lib/../lib] ==> dir [/home/admin/gaodawei.gdw/FSDevice/android-ndk-r25b/toolchains/llvm/prebuilt/linux-x86_64/sysroot/usr/lib/../lib]
    arg [-L/home/admin/gaodawei.gdw/FSDevice/android-ndk-r25b/toolchains/llvm/prebuilt/linux-x86_64/sysroot/usr/lib] ==> dir [/home/admin/gaodawei.gdw/FSDevice/android-ndk-r25b/toolchains/llvm/prebuilt/linux-x86_64/sysroot/usr/lib]
    arg [--build-id=sha1] ==> ignore
    arg [--no-rosegment] ==> ignore
    arg [--fatal-warnings] ==> ignore
    arg [--gc-sections] ==> ignore
    arg [--no-undefined] ==> ignore
    arg [--gc-sections] ==> ignore
    arg [CMakeFiles/cmTC_0a8b2.dir/CMakeCCompilerABI.c.o] ==> ignore
    arg [/home/admin/gaodawei.gdw/FSDevice/android-ndk-r25b/toolchains/llvm/prebuilt/linux-x86_64/lib64/clang/14.0.6/lib/linux/libclang_rt.builtins-arm-android.a] ==> lib [/home/admin/gaodawei.gdw/FSDevice/android-ndk-r25b/toolchains/llvm/prebuilt/linux-x86_64/lib64/clang/14.0.6/lib/linux/libclang_rt.builtins-arm-android.a]
    arg [-l:libunwind.a] ==> lib [-l:libunwind.a]
    arg [-ldl] ==> lib [dl]
    arg [-lc] ==> lib [c]
    arg [/home/admin/gaodawei.gdw/FSDevice/android-ndk-r25b/toolchains/llvm/prebuilt/linux-x86_64/lib64/clang/14.0.6/lib/linux/libclang_rt.builtins-arm-android.a] ==> lib [/home/admin/gaodawei.gdw/FSDevice/android-ndk-r25b/toolchains/llvm/prebuilt/linux-x86_64/lib64/clang/14.0.6/lib/linux/libclang_rt.builtins-arm-android.a]
    arg [-l:libunwind.a] ==> lib [-l:libunwind.a]
    arg [-ldl] ==> lib [dl]
    arg [/home/admin/gaodawei.gdw/FSDevice/android-ndk-r25b/toolchains/llvm/prebuilt/linux-x86_64/sysroot/usr/lib/arm-linux-androideabi/19/crtend_android.o] ==> ignore
  remove lib [/home/admin/gaodawei.gdw/FSDevice/android-ndk-r25b/toolchains/llvm/prebuilt/linux-x86_64/lib64/clang/14.0.6/lib/linux/libclang_rt.builtins-arm-android.a]
  remove lib [/home/admin/gaodawei.gdw/FSDevice/android-ndk-r25b/toolchains/llvm/prebuilt/linux-x86_64/lib64/clang/14.0.6/lib/linux/libclang_rt.builtins-arm-android.a]
  collapse library dir [/home/admin/gaodawei.gdw/FSDevice/android-ndk-r25b/toolchains/llvm/prebuilt/linux-x86_64/lib64/clang/14.0.6/lib/linux/arm] ==> [/home/admin/gaodawei.gdw/FSDevice/android-ndk-r25b/toolchains/llvm/prebuilt/linux-x86_64/lib64/clang/14.0.6/lib/linux/arm]
  collapse library dir [/home/admin/gaodawei.gdw/FSDevice/android-ndk-r25b/toolchains/llvm/prebuilt/linux-x86_64/sysroot/usr/lib/arm-linux-androideabi/19] ==> [/home/admin/gaodawei.gdw/FSDevice/android-ndk-r25b/toolchains/llvm/prebuilt/linux-x86_64/sysroot/usr/lib/arm-linux-androideabi/19]
  collapse library dir [/home/admin/gaodawei.gdw/FSDevice/android-ndk-r25b/toolchains/llvm/prebuilt/linux-x86_64/sysroot/usr/lib/arm-linux-androideabi] ==> [/home/admin/gaodawei.gdw/FSDevice/android-ndk-r25b/toolchains/llvm/prebuilt/linux-x86_64/sysroot/usr/lib/arm-linux-androideabi]
  collapse library dir [/home/admin/gaodawei.gdw/FSDevice/android-ndk-r25b/toolchains/llvm/prebuilt/linux-x86_64/sysroot/usr/lib/../lib] ==> [/home/admin/gaodawei.gdw/FSDevice/android-ndk-r25b/toolchains/llvm/prebuilt/linux-x86_64/sysroot/usr/lib]
  collapse library dir [/home/admin/gaodawei.gdw/FSDevice/android-ndk-r25b/toolchains/llvm/prebuilt/linux-x86_64/sysroot/usr/lib] ==> [/home/admin/gaodawei.gdw/FSDevice/android-ndk-r25b/toolchains/llvm/prebuilt/linux-x86_64/sysroot/usr/lib]
  implicit libs: [-l:libunwind.a;dl;c;-l:libunwind.a;dl]
  implicit dirs: [/home/admin/gaodawei.gdw/FSDevice/android-ndk-r25b/toolchains/llvm/prebuilt/linux-x86_64/lib64/clang/14.0.6/lib/linux/arm;/home/admin/gaodawei.gdw/FSDevice/android-ndk-r25b/toolchains/llvm/prebuilt/linux-x86_64/sysroot/usr/lib/arm-linux-androideabi/19;/home/admin/gaodawei.gdw/FSDevice/android-ndk-r25b/toolchains/llvm/prebuilt/linux-x86_64/sysroot/usr/lib/arm-linux-androideabi;/home/admin/gaodawei.gdw/FSDevice/android-ndk-r25b/toolchains/llvm/prebuilt/linux-x86_64/sysroot/usr/lib]
  implicit fwks: []




Detecting C [-std=c11] compiler features compiled with the following output:
Change Dir: /home/admin/gaodawei.gdw/FSDevice/MNN/project/android/build_32/CMakeFiles/CMakeTmp

Run Build Command:"/usr/bin/make" "cmTC_7cc2d/fast"
/usr/bin/make -f CMakeFiles/cmTC_7cc2d.dir/build.make CMakeFiles/cmTC_7cc2d.dir/build
make[1]: Entering directory '/home/admin/gaodawei.gdw/FSDevice/MNN/project/android/build_32/CMakeFiles/CMakeTmp'
Building C object CMakeFiles/cmTC_7cc2d.dir/feature_tests.c.o
/home/admin/gaodawei.gdw/FSDevice/android-ndk-r25b/toolchains/llvm/prebuilt/linux-x86_64/bin/clang --target=armv7-none-linux-androideabi19 --sysroot=/home/admin/gaodawei.gdw/FSDevice/android-ndk-r25b/toolchains/llvm/prebuilt/linux-x86_64/sysroot   -g -DANDROID -fdata-sections -ffunction-sections -funwind-tables -fstack-protector-strong -no-canonical-prefixes -D_FORTIFY_SOURCE=2 -march=armv7-a -mthumb -Wformat -Werror=format-security   -fPIE   -std=c11 -o CMakeFiles/cmTC_7cc2d.dir/feature_tests.c.o   -c /home/admin/gaodawei.gdw/FSDevice/MNN/project/android/build_32/CMakeFiles/feature_tests.c
Linking C executable cmTC_7cc2d
/usr/bin/cmake -E cmake_link_script CMakeFiles/cmTC_7cc2d.dir/link.txt --verbose=1
/home/admin/gaodawei.gdw/FSDevice/android-ndk-r25b/toolchains/llvm/prebuilt/linux-x86_64/bin/clang --target=armv7-none-linux-androideabi19 --sysroot=/home/admin/gaodawei.gdw/FSDevice/android-ndk-r25b/toolchains/llvm/prebuilt/linux-x86_64/sysroot -g -DANDROID -fdata-sections -ffunction-sections -funwind-tables -fstack-protector-strong -no-canonical-prefixes -D_FORTIFY_SOURCE=2 -march=armv7-a -mthumb -Wformat -Werror=format-security    -static-libstdc++ -Wl,--build-id=sha1 -Wl,--no-rosegment -Wl,--fatal-warnings -Wl,--gc-sections -Wl,--no-undefined -Qunused-arguments -Wl,--gc-sections   CMakeFiles/cmTC_7cc2d.dir/feature_tests.c.o  -o cmTC_7cc2d -latomic -lm 
make[1]: Leaving directory '/home/admin/gaodawei.gdw/FSDevice/MNN/project/android/build_32/CMakeFiles/CMakeTmp'


    Feature record: C_FEATURE:1c_function_prototypes
    Feature record: C_FEATURE:1c_restrict
    Feature record: C_FEATURE:1c_static_assert
    Feature record: C_FEATURE:1c_variadic_macros


Detecting C [-std=c99] compiler features compiled with the following output:
Change Dir: /home/admin/gaodawei.gdw/FSDevice/MNN/project/android/build_32/CMakeFiles/CMakeTmp

Run Build Command:"/usr/bin/make" "cmTC_35439/fast"
/usr/bin/make -f CMakeFiles/cmTC_35439.dir/build.make CMakeFiles/cmTC_35439.dir/build
make[1]: Entering directory '/home/admin/gaodawei.gdw/FSDevice/MNN/project/android/build_32/CMakeFiles/CMakeTmp'
Building C object CMakeFiles/cmTC_35439.dir/feature_tests.c.o
/home/admin/gaodawei.gdw/FSDevice/android-ndk-r25b/toolchains/llvm/prebuilt/linux-x86_64/bin/clang --target=armv7-none-linux-androideabi19 --sysroot=/home/admin/gaodawei.gdw/FSDevice/android-ndk-r25b/toolchains/llvm/prebuilt/linux-x86_64/sysroot   -g -DANDROID -fdata-sections -ffunction-sections -funwind-tables -fstack-protector-strong -no-canonical-prefixes -D_FORTIFY_SOURCE=2 -march=armv7-a -mthumb -Wformat -Werror=format-security   -fPIE   -std=c99 -o CMakeFiles/cmTC_35439.dir/feature_tests.c.o   -c /home/admin/gaodawei.gdw/FSDevice/MNN/project/android/build_32/CMakeFiles/feature_tests.c
Linking C executable cmTC_35439
/usr/bin/cmake -E cmake_link_script CMakeFiles/cmTC_35439.dir/link.txt --verbose=1
/home/admin/gaodawei.gdw/FSDevice/android-ndk-r25b/toolchains/llvm/prebuilt/linux-x86_64/bin/clang --target=armv7-none-linux-androideabi19 --sysroot=/home/admin/gaodawei.gdw/FSDevice/android-ndk-r25b/toolchains/llvm/prebuilt/linux-x86_64/sysroot -g -DANDROID -fdata-sections -ffunction-sections -funwind-tables -fstack-protector-strong -no-canonical-prefixes -D_FORTIFY_SOURCE=2 -march=armv7-a -mthumb -Wformat -Werror=format-security    -static-libstdc++ -Wl,--build-id=sha1 -Wl,--no-rosegment -Wl,--fatal-warnings -Wl,--gc-sections -Wl,--no-undefined -Qunused-arguments -Wl,--gc-sections   CMakeFiles/cmTC_35439.dir/feature_tests.c.o  -o cmTC_35439 -latomic -lm 
make[1]: Leaving directory '/home/admin/gaodawei.gdw/FSDevice/MNN/project/android/build_32/CMakeFiles/CMakeTmp'


    Feature record: C_FEATURE:1c_function_prototypes
    Feature record: C_FEATURE:1c_restrict
    Feature record: C_FEATURE:0c_static_assert
    Feature record: C_FEATURE:1c_variadic_macros


Detecting C [-std=c90] compiler features compiled with the following output:
Change Dir: /home/admin/gaodawei.gdw/FSDevice/MNN/project/android/build_32/CMakeFiles/CMakeTmp

Run Build Command:"/usr/bin/make" "cmTC_2fb51/fast"
/usr/bin/make -f CMakeFiles/cmTC_2fb51.dir/build.make CMakeFiles/cmTC_2fb51.dir/build
make[1]: Entering directory '/home/admin/gaodawei.gdw/FSDevice/MNN/project/android/build_32/CMakeFiles/CMakeTmp'
Building C object CMakeFiles/cmTC_2fb51.dir/feature_tests.c.o
/home/admin/gaodawei.gdw/FSDevice/android-ndk-r25b/toolchains/llvm/prebuilt/linux-x86_64/bin/clang --target=armv7-none-linux-androideabi19 --sysroot=/home/admin/gaodawei.gdw/FSDevice/android-ndk-r25b/toolchains/llvm/prebuilt/linux-x86_64/sysroot   -g -DANDROID -fdata-sections -ffunction-sections -funwind-tables -fstack-protector-strong -no-canonical-prefixes -D_FORTIFY_SOURCE=2 -march=armv7-a -mthumb -Wformat -Werror=format-security   -fPIE   -std=c90 -o CMakeFiles/cmTC_2fb51.dir/feature_tests.c.o   -c /home/admin/gaodawei.gdw/FSDevice/MNN/project/android/build_32/CMakeFiles/feature_tests.c
Linking C executable cmTC_2fb51
/usr/bin/cmake -E cmake_link_script CMakeFiles/cmTC_2fb51.dir/link.txt --verbose=1
/home/admin/gaodawei.gdw/FSDevice/android-ndk-r25b/toolchains/llvm/prebuilt/linux-x86_64/bin/clang --target=armv7-none-linux-androideabi19 --sysroot=/home/admin/gaodawei.gdw/FSDevice/android-ndk-r25b/toolchains/llvm/prebuilt/linux-x86_64/sysroot -g -DANDROID -fdata-sections -ffunction-sections -funwind-tables -fstack-protector-strong -no-canonical-prefixes -D_FORTIFY_SOURCE=2 -march=armv7-a -mthumb -Wformat -Werror=format-security    -static-libstdc++ -Wl,--build-id=sha1 -Wl,--no-rosegment -Wl,--fatal-warnings -Wl,--gc-sections -Wl,--no-undefined -Qunused-arguments -Wl,--gc-sections   CMakeFiles/cmTC_2fb51.dir/feature_tests.c.o  -o cmTC_2fb51 -latomic -lm 
make[1]: Leaving directory '/home/admin/gaodawei.gdw/FSDevice/MNN/project/android/build_32/CMakeFiles/CMakeTmp'


    Feature record: C_FEATURE:1c_function_prototypes
    Feature record: C_FEATURE:0c_restrict
    Feature record: C_FEATURE:0c_static_assert
    Feature record: C_FEATURE:0c_variadic_macros
Determining if the CXX compiler works passed with the following output:
Change Dir: /home/admin/gaodawei.gdw/FSDevice/MNN/project/android/build_32/CMakeFiles/CMakeTmp

Run Build Command:"/usr/bin/make" "cmTC_f2dc4/fast"
/usr/bin/make -f CMakeFiles/cmTC_f2dc4.dir/build.make CMakeFiles/cmTC_f2dc4.dir/build
make[1]: Entering directory '/home/admin/gaodawei.gdw/FSDevice/MNN/project/android/build_32/CMakeFiles/CMakeTmp'
Building CXX object CMakeFiles/cmTC_f2dc4.dir/testCXXCompiler.cxx.o
/home/admin/gaodawei.gdw/FSDevice/android-ndk-r25b/toolchains/llvm/prebuilt/linux-x86_64/bin/clang++ --target=armv7-none-linux-androideabi19 --sysroot=/home/admin/gaodawei.gdw/FSDevice/android-ndk-r25b/toolchains/llvm/prebuilt/linux-x86_64/sysroot    -g -DANDROID -fdata-sections -ffunction-sections -funwind-tables -fstack-protector-strong -no-canonical-prefixes -D_FORTIFY_SOURCE=2 -march=armv7-a -mthumb -Wformat -Werror=format-security    -fPIE   -o CMakeFiles/cmTC_f2dc4.dir/testCXXCompiler.cxx.o -c /home/admin/gaodawei.gdw/FSDevice/MNN/project/android/build_32/CMakeFiles/CMakeTmp/testCXXCompiler.cxx
Linking CXX executable cmTC_f2dc4
/usr/bin/cmake -E cmake_link_script CMakeFiles/cmTC_f2dc4.dir/link.txt --verbose=1
/home/admin/gaodawei.gdw/FSDevice/android-ndk-r25b/toolchains/llvm/prebuilt/linux-x86_64/bin/clang++ --target=armv7-none-linux-androideabi19 --sysroot=/home/admin/gaodawei.gdw/FSDevice/android-ndk-r25b/toolchains/llvm/prebuilt/linux-x86_64/sysroot  -g -DANDROID -fdata-sections -ffunction-sections -funwind-tables -fstack-protector-strong -no-canonical-prefixes -D_FORTIFY_SOURCE=2 -march=armv7-a -mthumb -Wformat -Werror=format-security     -static-libstdc++ -Wl,--build-id=sha1 -Wl,--no-rosegment -Wl,--fatal-warnings -Wl,--gc-sections -Wl,--no-undefined -Qunused-arguments -Wl,--gc-sections   CMakeFiles/cmTC_f2dc4.dir/testCXXCompiler.cxx.o  -o cmTC_f2dc4 -latomic -lm 
make[1]: Leaving directory '/home/admin/gaodawei.gdw/FSDevice/MNN/project/android/build_32/CMakeFiles/CMakeTmp'


Detecting CXX compiler ABI info compiled with the following output:
Change Dir: /home/admin/gaodawei.gdw/FSDevice/MNN/project/android/build_32/CMakeFiles/CMakeTmp

Run Build Command:"/usr/bin/make" "cmTC_98b27/fast"
/usr/bin/make -f CMakeFiles/cmTC_98b27.dir/build.make CMakeFiles/cmTC_98b27.dir/build
make[1]: Entering directory '/home/admin/gaodawei.gdw/FSDevice/MNN/project/android/build_32/CMakeFiles/CMakeTmp'
Building CXX object CMakeFiles/cmTC_98b27.dir/CMakeCXXCompilerABI.cpp.o
/home/admin/gaodawei.gdw/FSDevice/android-ndk-r25b/toolchains/llvm/prebuilt/linux-x86_64/bin/clang++ --target=armv7-none-linux-androideabi19 --sysroot=/home/admin/gaodawei.gdw/FSDevice/android-ndk-r25b/toolchains/llvm/prebuilt/linux-x86_64/sysroot    -g -DANDROID -fdata-sections -ffunction-sections -funwind-tables -fstack-protector-strong -no-canonical-prefixes -D_FORTIFY_SOURCE=2 -march=armv7-a -mthumb -Wformat -Werror=format-security    -fPIE   -o CMakeFiles/cmTC_98b27.dir/CMakeCXXCompilerABI.cpp.o -c /usr/share/cmake-3.10/Modules/CMakeCXXCompilerABI.cpp
Linking CXX executable cmTC_98b27
/usr/bin/cmake -E cmake_link_script CMakeFiles/cmTC_98b27.dir/link.txt --verbose=1
/home/admin/gaodawei.gdw/FSDevice/android-ndk-r25b/toolchains/llvm/prebuilt/linux-x86_64/bin/clang++ --target=armv7-none-linux-androideabi19 --sysroot=/home/admin/gaodawei.gdw/FSDevice/android-ndk-r25b/toolchains/llvm/prebuilt/linux-x86_64/sysroot  -g -DANDROID -fdata-sections -ffunction-sections -funwind-tables -fstack-protector-strong -no-canonical-prefixes -D_FORTIFY_SOURCE=2 -march=armv7-a -mthumb -Wformat -Werror=format-security     -static-libstdc++ -Wl,--build-id=sha1 -Wl,--no-rosegment -Wl,--fatal-warnings -Wl,--gc-sections -Wl,--no-undefined -Qunused-arguments -Wl,--gc-sections  -v CMakeFiles/cmTC_98b27.dir/CMakeCXXCompilerABI.cpp.o  -o cmTC_98b27 
Android (8490178, based on r450784d) clang version 14.0.6 (https://android.googlesource.com/toolchain/llvm-project 4c603efb0cca074e9238af8b4106c30add4418f6)
Target: armv7-none-linux-android19
Thread model: posix
InstalledDir: /home/admin/gaodawei.gdw/FSDevice/android-ndk-r25b/toolchains/llvm/prebuilt/linux-x86_64/bin
 "/home/admin/gaodawei.gdw/FSDevice/android-ndk-r25b/toolchains/llvm/prebuilt/linux-x86_64/bin/ld" --sysroot=/home/admin/gaodawei.gdw/FSDevice/android-ndk-r25b/toolchains/llvm/prebuilt/linux-x86_64/sysroot -pie -EL --warn-shared-textrel -z now -z relro -z max-page-size=4096 -X --hash-style=gnu --hash-style=both --enable-new-dtags --eh-frame-hdr -m armelf_linux_eabi -dynamic-linker /system/bin/linker -o cmTC_98b27 /home/admin/gaodawei.gdw/FSDevice/android-ndk-r25b/toolchains/llvm/prebuilt/linux-x86_64/sysroot/usr/lib/arm-linux-androideabi/19/crtbegin_dynamic.o -L/home/admin/gaodawei.gdw/FSDevice/android-ndk-r25b/toolchains/llvm/prebuilt/linux-x86_64/lib64/clang/14.0.6/lib/linux/arm -L/home/admin/gaodawei.gdw/FSDevice/android-ndk-r25b/toolchains/llvm/prebuilt/linux-x86_64/sysroot/usr/lib/arm-linux-androideabi/19 -L/home/admin/gaodawei.gdw/FSDevice/android-ndk-r25b/toolchains/llvm/prebuilt/linux-x86_64/sysroot/usr/lib/arm-linux-androideabi -L/home/admin/gaodawei.gdw/FSDevice/android-ndk-r25b/toolchains/llvm/prebuilt/linux-x86_64/sysroot/usr/lib/../lib -L/home/admin/gaodawei.gdw/FSDevice/android-ndk-r25b/toolchains/llvm/prebuilt/linux-x86_64/sysroot/usr/lib --build-id=sha1 --no-rosegment --fatal-warnings --gc-sections --no-undefined --gc-sections CMakeFiles/cmTC_98b27.dir/CMakeCXXCompilerABI.cpp.o -Bstatic -lc++ -Bdynamic -lm /home/admin/gaodawei.gdw/FSDevice/android-ndk-r25b/toolchains/llvm/prebuilt/linux-x86_64/lib64/clang/14.0.6/lib/linux/libclang_rt.builtins-arm-android.a -l:libunwind.a -ldl -lc /home/admin/gaodawei.gdw/FSDevice/android-ndk-r25b/toolchains/llvm/prebuilt/linux-x86_64/lib64/clang/14.0.6/lib/linux/libclang_rt.builtins-arm-android.a -l:libunwind.a -ldl /home/admin/gaodawei.gdw/FSDevice/android-ndk-r25b/toolchains/llvm/prebuilt/linux-x86_64/sysroot/usr/lib/arm-linux-androideabi/19/crtend_android.o
make[1]: Leaving directory '/home/admin/gaodawei.gdw/FSDevice/MNN/project/android/build_32/CMakeFiles/CMakeTmp'


Parsed CXX implicit link information from above output:
  link line regex: [^( *|.*[/\])(CMAKE_LINKER-NOTFOUND|CMAKE_LINK_STARTFILE-NOTFOUND|([^/\]+-)?ld|collect2)[^/\]*( |$)]
  ignore line: [Change Dir: /home/admin/gaodawei.gdw/FSDevice/MNN/project/android/build_32/CMakeFiles/CMakeTmp]
  ignore line: []
  ignore line: [Run Build Command:"/usr/bin/make" "cmTC_98b27/fast"]
  ignore line: [/usr/bin/make -f CMakeFiles/cmTC_98b27.dir/build.make CMakeFiles/cmTC_98b27.dir/build]
  ignore line: [make[1]: Entering directory '/home/admin/gaodawei.gdw/FSDevice/MNN/project/android/build_32/CMakeFiles/CMakeTmp']
  ignore line: [Building CXX object CMakeFiles/cmTC_98b27.dir/CMakeCXXCompilerABI.cpp.o]
  ignore line: [/home/admin/gaodawei.gdw/FSDevice/android-ndk-r25b/toolchains/llvm/prebuilt/linux-x86_64/bin/clang++ --target=armv7-none-linux-androideabi19 --sysroot=/home/admin/gaodawei.gdw/FSDevice/android-ndk-r25b/toolchains/llvm/prebuilt/linux-x86_64/sysroot    -g -DANDROID -fdata-sections -ffunction-sections -funwind-tables -fstack-protector-strong -no-canonical-prefixes -D_FORTIFY_SOURCE=2 -march=armv7-a -mthumb -Wformat -Werror=format-security    -fPIE   -o CMakeFiles/cmTC_98b27.dir/CMakeCXXCompilerABI.cpp.o -c /usr/share/cmake-3.10/Modules/CMakeCXXCompilerABI.cpp]
  ignore line: [Linking CXX executable cmTC_98b27]
  ignore line: [/usr/bin/cmake -E cmake_link_script CMakeFiles/cmTC_98b27.dir/link.txt --verbose=1]
  ignore line: [/home/admin/gaodawei.gdw/FSDevice/android-ndk-r25b/toolchains/llvm/prebuilt/linux-x86_64/bin/clang++ --target=armv7-none-linux-androideabi19 --sysroot=/home/admin/gaodawei.gdw/FSDevice/android-ndk-r25b/toolchains/llvm/prebuilt/linux-x86_64/sysroot  -g -DANDROID -fdata-sections -ffunction-sections -funwind-tables -fstack-protector-strong -no-canonical-prefixes -D_FORTIFY_SOURCE=2 -march=armv7-a -mthumb -Wformat -Werror=format-security     -static-libstdc++ -Wl,--build-id=sha1 -Wl,--no-rosegment -Wl,--fatal-warnings -Wl,--gc-sections -Wl,--no-undefined -Qunused-arguments -Wl,--gc-sections  -v CMakeFiles/cmTC_98b27.dir/CMakeCXXCompilerABI.cpp.o  -o cmTC_98b27 ]
  ignore line: [Android (8490178, based on r450784d) clang version 14.0.6 (https://android.googlesource.com/toolchain/llvm-project 4c603efb0cca074e9238af8b4106c30add4418f6)]
  ignore line: [Target: armv7-none-linux-android19]
  ignore line: [Thread model: posix]
  ignore line: [InstalledDir: /home/admin/gaodawei.gdw/FSDevice/android-ndk-r25b/toolchains/llvm/prebuilt/linux-x86_64/bin]
  link line: [ "/home/admin/gaodawei.gdw/FSDevice/android-ndk-r25b/toolchains/llvm/prebuilt/linux-x86_64/bin/ld" --sysroot=/home/admin/gaodawei.gdw/FSDevice/android-ndk-r25b/toolchains/llvm/prebuilt/linux-x86_64/sysroot -pie -EL --warn-shared-textrel -z now -z relro -z max-page-size=4096 -X --hash-style=gnu --hash-style=both --enable-new-dtags --eh-frame-hdr -m armelf_linux_eabi -dynamic-linker /system/bin/linker -o cmTC_98b27 /home/admin/gaodawei.gdw/FSDevice/android-ndk-r25b/toolchains/llvm/prebuilt/linux-x86_64/sysroot/usr/lib/arm-linux-androideabi/19/crtbegin_dynamic.o -L/home/admin/gaodawei.gdw/FSDevice/android-ndk-r25b/toolchains/llvm/prebuilt/linux-x86_64/lib64/clang/14.0.6/lib/linux/arm -L/home/admin/gaodawei.gdw/FSDevice/android-ndk-r25b/toolchains/llvm/prebuilt/linux-x86_64/sysroot/usr/lib/arm-linux-androideabi/19 -L/home/admin/gaodawei.gdw/FSDevice/android-ndk-r25b/toolchains/llvm/prebuilt/linux-x86_64/sysroot/usr/lib/arm-linux-androideabi -L/home/admin/gaodawei.gdw/FSDevice/android-ndk-r25b/toolchains/llvm/prebuilt/linux-x86_64/sysroot/usr/lib/../lib -L/home/admin/gaodawei.gdw/FSDevice/android-ndk-r25b/toolchains/llvm/prebuilt/linux-x86_64/sysroot/usr/lib --build-id=sha1 --no-rosegment --fatal-warnings --gc-sections --no-undefined --gc-sections CMakeFiles/cmTC_98b27.dir/CMakeCXXCompilerABI.cpp.o -Bstatic -lc++ -Bdynamic -lm /home/admin/gaodawei.gdw/FSDevice/android-ndk-r25b/toolchains/llvm/prebuilt/linux-x86_64/lib64/clang/14.0.6/lib/linux/libclang_rt.builtins-arm-android.a -l:libunwind.a -ldl -lc /home/admin/gaodawei.gdw/FSDevice/android-ndk-r25b/toolchains/llvm/prebuilt/linux-x86_64/lib64/clang/14.0.6/lib/linux/libclang_rt.builtins-arm-android.a -l:libunwind.a -ldl /home/admin/gaodawei.gdw/FSDevice/android-ndk-r25b/toolchains/llvm/prebuilt/linux-x86_64/sysroot/usr/lib/arm-linux-androideabi/19/crtend_android.o]
    arg [/home/admin/gaodawei.gdw/FSDevice/android-ndk-r25b/toolchains/llvm/prebuilt/linux-x86_64/bin/ld] ==> ignore
    arg [--sysroot=/home/admin/gaodawei.gdw/FSDevice/android-ndk-r25b/toolchains/llvm/prebuilt/linux-x86_64/sysroot] ==> ignore
    arg [-pie] ==> ignore
    arg [-EL] ==> ignore
    arg [--warn-shared-textrel] ==> ignore
    arg [-znow] ==> ignore
    arg [-zrelro] ==> ignore
    arg [-zmax-page-size=4096] ==> ignore
    arg [-X] ==> ignore
    arg [--hash-style=gnu] ==> ignore
    arg [--hash-style=both] ==> ignore
    arg [--enable-new-dtags] ==> ignore
    arg [--eh-frame-hdr] ==> ignore
    arg [-m] ==> ignore
    arg [armelf_linux_eabi] ==> ignore
    arg [-dynamic-linker] ==> ignore
    arg [/system/bin/linker] ==> ignore
    arg [-o] ==> ignore
    arg [cmTC_98b27] ==> ignore
    arg [/home/admin/gaodawei.gdw/FSDevice/android-ndk-r25b/toolchains/llvm/prebuilt/linux-x86_64/sysroot/usr/lib/arm-linux-androideabi/19/crtbegin_dynamic.o] ==> ignore
    arg [-L/home/admin/gaodawei.gdw/FSDevice/android-ndk-r25b/toolchains/llvm/prebuilt/linux-x86_64/lib64/clang/14.0.6/lib/linux/arm] ==> dir [/home/admin/gaodawei.gdw/FSDevice/android-ndk-r25b/toolchains/llvm/prebuilt/linux-x86_64/lib64/clang/14.0.6/lib/linux/arm]
    arg [-L/home/admin/gaodawei.gdw/FSDevice/android-ndk-r25b/toolchains/llvm/prebuilt/linux-x86_64/sysroot/usr/lib/arm-linux-androideabi/19] ==> dir [/home/admin/gaodawei.gdw/FSDevice/android-ndk-r25b/toolchains/llvm/prebuilt/linux-x86_64/sysroot/usr/lib/arm-linux-androideabi/19]
    arg [-L/home/admin/gaodawei.gdw/FSDevice/android-ndk-r25b/toolchains/llvm/prebuilt/linux-x86_64/sysroot/usr/lib/arm-linux-androideabi] ==> dir [/home/admin/gaodawei.gdw/FSDevice/android-ndk-r25b/toolchains/llvm/prebuilt/linux-x86_64/sysroot/usr/lib/arm-linux-androideabi]
    arg [-L/home/admin/gaodawei.gdw/FSDevice/android-ndk-r25b/toolchains/llvm/prebuilt/linux-x86_64/sysroot/usr/lib/../lib] ==> dir [/home/admin/gaodawei.gdw/FSDevice/android-ndk-r25b/toolchains/llvm/prebuilt/linux-x86_64/sysroot/usr/lib/../lib]
    arg [-L/home/admin/gaodawei.gdw/FSDevice/android-ndk-r25b/toolchains/llvm/prebuilt/linux-x86_64/sysroot/usr/lib] ==> dir [/home/admin/gaodawei.gdw/FSDevice/android-ndk-r25b/toolchains/llvm/prebuilt/linux-x86_64/sysroot/usr/lib]
    arg [--build-id=sha1] ==> ignore
    arg [--no-rosegment] ==> ignore
    arg [--fatal-warnings] ==> ignore
    arg [--gc-sections] ==> ignore
    arg [--no-undefined] ==> ignore
    arg [--gc-sections] ==> ignore
    arg [CMakeFiles/cmTC_98b27.dir/CMakeCXXCompilerABI.cpp.o] ==> ignore
    arg [-Bstatic] ==> ignore
    arg [-lc++] ==> lib [c++]
    arg [-Bdynamic] ==> ignore
    arg [-lm] ==> lib [m]
    arg [/home/admin/gaodawei.gdw/FSDevice/android-ndk-r25b/toolchains/llvm/prebuilt/linux-x86_64/lib64/clang/14.0.6/lib/linux/libclang_rt.builtins-arm-android.a] ==> lib [/home/admin/gaodawei.gdw/FSDevice/android-ndk-r25b/toolchains/llvm/prebuilt/linux-x86_64/lib64/clang/14.0.6/lib/linux/libclang_rt.builtins-arm-android.a]
    arg [-l:libunwind.a] ==> lib [-l:libunwind.a]
    arg [-ldl] ==> lib [dl]
    arg [-lc] ==> lib [c]
    arg [/home/admin/gaodawei.gdw/FSDevice/android-ndk-r25b/toolchains/llvm/prebuilt/linux-x86_64/lib64/clang/14.0.6/lib/linux/libclang_rt.builtins-arm-android.a] ==> lib [/home/admin/gaodawei.gdw/FSDevice/android-ndk-r25b/toolchains/llvm/prebuilt/linux-x86_64/lib64/clang/14.0.6/lib/linux/libclang_rt.builtins-arm-android.a]
    arg [-l:libunwind.a] ==> lib [-l:libunwind.a]
    arg [-ldl] ==> lib [dl]
    arg [/home/admin/gaodawei.gdw/FSDevice/android-ndk-r25b/toolchains/llvm/prebuilt/linux-x86_64/sysroot/usr/lib/arm-linux-androideabi/19/crtend_android.o] ==> ignore
  remove lib [/home/admin/gaodawei.gdw/FSDevice/android-ndk-r25b/toolchains/llvm/prebuilt/linux-x86_64/lib64/clang/14.0.6/lib/linux/libclang_rt.builtins-arm-android.a]
  remove lib [/home/admin/gaodawei.gdw/FSDevice/android-ndk-r25b/toolchains/llvm/prebuilt/linux-x86_64/lib64/clang/14.0.6/lib/linux/libclang_rt.builtins-arm-android.a]
  collapse library dir [/home/admin/gaodawei.gdw/FSDevice/android-ndk-r25b/toolchains/llvm/prebuilt/linux-x86_64/lib64/clang/14.0.6/lib/linux/arm] ==> [/home/admin/gaodawei.gdw/FSDevice/android-ndk-r25b/toolchains/llvm/prebuilt/linux-x86_64/lib64/clang/14.0.6/lib/linux/arm]
  collapse library dir [/home/admin/gaodawei.gdw/FSDevice/android-ndk-r25b/toolchains/llvm/prebuilt/linux-x86_64/sysroot/usr/lib/arm-linux-androideabi/19] ==> [/home/admin/gaodawei.gdw/FSDevice/android-ndk-r25b/toolchains/llvm/prebuilt/linux-x86_64/sysroot/usr/lib/arm-linux-androideabi/19]
  collapse library dir [/home/admin/gaodawei.gdw/FSDevice/android-ndk-r25b/toolchains/llvm/prebuilt/linux-x86_64/sysroot/usr/lib/arm-linux-androideabi] ==> [/home/admin/gaodawei.gdw/FSDevice/android-ndk-r25b/toolchains/llvm/prebuilt/linux-x86_64/sysroot/usr/lib/arm-linux-androideabi]
  collapse library dir [/home/admin/gaodawei.gdw/FSDevice/android-ndk-r25b/toolchains/llvm/prebuilt/linux-x86_64/sysroot/usr/lib/../lib] ==> [/home/admin/gaodawei.gdw/FSDevice/android-ndk-r25b/toolchains/llvm/prebuilt/linux-x86_64/sysroot/usr/lib]
  collapse library dir [/home/admin/gaodawei.gdw/FSDevice/android-ndk-r25b/toolchains/llvm/prebuilt/linux-x86_64/sysroot/usr/lib] ==> [/home/admin/gaodawei.gdw/FSDevice/android-ndk-r25b/toolchains/llvm/prebuilt/linux-x86_64/sysroot/usr/lib]
  implicit libs: [c++;m;-l:libunwind.a;dl;c;-l:libunwind.a;dl]
  implicit dirs: [/home/admin/gaodawei.gdw/FSDevice/android-ndk-r25b/toolchains/llvm/prebuilt/linux-x86_64/lib64/clang/14.0.6/lib/linux/arm;/home/admin/gaodawei.gdw/FSDevice/android-ndk-r25b/toolchains/llvm/prebuilt/linux-x86_64/sysroot/usr/lib/arm-linux-androideabi/19;/home/admin/gaodawei.gdw/FSDevice/android-ndk-r25b/toolchains/llvm/prebuilt/linux-x86_64/sysroot/usr/lib/arm-linux-androideabi;/home/admin/gaodawei.gdw/FSDevice/android-ndk-r25b/toolchains/llvm/prebuilt/linux-x86_64/sysroot/usr/lib]
  implicit fwks: []




Detecting CXX [-std=c++1z] compiler features compiled with the following output:
Change Dir: /home/admin/gaodawei.gdw/FSDevice/MNN/project/android/build_32/CMakeFiles/CMakeTmp

Run Build Command:"/usr/bin/make" "cmTC_10b88/fast"
/usr/bin/make -f CMakeFiles/cmTC_10b88.dir/build.make CMakeFiles/cmTC_10b88.dir/build
make[1]: Entering directory '/home/admin/gaodawei.gdw/FSDevice/MNN/project/android/build_32/CMakeFiles/CMakeTmp'
Building CXX object CMakeFiles/cmTC_10b88.dir/feature_tests.cxx.o
/home/admin/gaodawei.gdw/FSDevice/android-ndk-r25b/toolchains/llvm/prebuilt/linux-x86_64/bin/clang++ --target=armv7-none-linux-androideabi19 --sysroot=/home/admin/gaodawei.gdw/FSDevice/android-ndk-r25b/toolchains/llvm/prebuilt/linux-x86_64/sysroot    -g -DANDROID -fdata-sections -ffunction-sections -funwind-tables -fstack-protector-strong -no-canonical-prefixes -D_FORTIFY_SOURCE=2 -march=armv7-a -mthumb -Wformat -Werror=format-security    -fPIE   -std=c++1z -o CMakeFiles/cmTC_10b88.dir/feature_tests.cxx.o -c /home/admin/gaodawei.gdw/FSDevice/MNN/project/android/build_32/CMakeFiles/feature_tests.cxx
Linking CXX executable cmTC_10b88
/usr/bin/cmake -E cmake_link_script CMakeFiles/cmTC_10b88.dir/link.txt --verbose=1
/home/admin/gaodawei.gdw/FSDevice/android-ndk-r25b/toolchains/llvm/prebuilt/linux-x86_64/bin/clang++ --target=armv7-none-linux-androideabi19 --sysroot=/home/admin/gaodawei.gdw/FSDevice/android-ndk-r25b/toolchains/llvm/prebuilt/linux-x86_64/sysroot  -g -DANDROID -fdata-sections -ffunction-sections -funwind-tables -fstack-protector-strong -no-canonical-prefixes -D_FORTIFY_SOURCE=2 -march=armv7-a -mthumb -Wformat -Werror=format-security     -static-libstdc++ -Wl,--build-id=sha1 -Wl,--no-rosegment -Wl,--fatal-warnings -Wl,--gc-sections -Wl,--no-undefined -Qunused-arguments -Wl,--gc-sections   CMakeFiles/cmTC_10b88.dir/feature_tests.cxx.o  -o cmTC_10b88 -latomic -lm 
make[1]: Leaving directory '/home/admin/gaodawei.gdw/FSDevice/MNN/project/android/build_32/CMakeFiles/CMakeTmp'


    Feature record: CXX_FEATURE:1cxx_aggregate_default_initializers
    Feature record: CXX_FEATURE:1cxx_alias_templates
    Feature record: CXX_FEATURE:1cxx_alignas
    Feature record: CXX_FEATURE:1cxx_alignof
    Feature record: CXX_FEATURE:1cxx_attributes
    Feature record: CXX_FEATURE:1cxx_attribute_deprecated
    Feature record: CXX_FEATURE:1cxx_auto_type
    Feature record: CXX_FEATURE:1cxx_binary_literals
    Feature record: CXX_FEATURE:1cxx_constexpr
    Feature record: CXX_FEATURE:1cxx_contextual_conversions
    Feature record: CXX_FEATURE:1cxx_decltype
    Feature record: CXX_FEATURE:1cxx_decltype_auto
    Feature record: CXX_FEATURE:1cxx_decltype_incomplete_return_types
    Feature record: CXX_FEATURE:1cxx_default_function_template_args
    Feature record: CXX_FEATURE:1cxx_defaulted_functions
    Feature record: CXX_FEATURE:1cxx_defaulted_move_initializers
    Feature record: CXX_FEATURE:1cxx_delegating_constructors
    Feature record: CXX_FEATURE:1cxx_deleted_functions
    Feature record: CXX_FEATURE:1cxx_digit_separators
    Feature record: CXX_FEATURE:1cxx_enum_forward_declarations
    Feature record: CXX_FEATURE:1cxx_explicit_conversions
    Feature record: CXX_FEATURE:1cxx_extended_friend_declarations
    Feature record: CXX_FEATURE:1cxx_extern_templates
    Feature record: CXX_FEATURE:1cxx_final
    Feature record: CXX_FEATURE:1cxx_func_identifier
    Feature record: CXX_FEATURE:1cxx_generalized_initializers
    Feature record: CXX_FEATURE:1cxx_generic_lambdas
    Feature record: CXX_FEATURE:1cxx_inheriting_constructors
    Feature record: CXX_FEATURE:1cxx_inline_namespaces
    Feature record: CXX_FEATURE:1cxx_lambdas
    Feature record: CXX_FEATURE:1cxx_lambda_init_captures
    Feature record: CXX_FEATURE:1cxx_local_type_template_args
    Feature record: CXX_FEATURE:1cxx_long_long_type
    Feature record: CXX_FEATURE:1cxx_noexcept
    Feature record: CXX_FEATURE:1cxx_nonstatic_member_init
    Feature record: CXX_FEATURE:1cxx_nullptr
    Feature record: CXX_FEATURE:1cxx_override
    Feature record: CXX_FEATURE:1cxx_range_for
    Feature record: CXX_FEATURE:1cxx_raw_string_literals
    Feature record: CXX_FEATURE:1cxx_reference_qualified_functions
    Feature record: CXX_FEATURE:1cxx_relaxed_constexpr
    Feature record: CXX_FEATURE:1cxx_return_type_deduction
    Feature record: CXX_FEATURE:1cxx_right_angle_brackets
    Feature record: CXX_FEATURE:1cxx_rvalue_references
    Feature record: CXX_FEATURE:1cxx_sizeof_member
    Feature record: CXX_FEATURE:1cxx_static_assert
    Feature record: CXX_FEATURE:1cxx_strong_enums
    Feature record: CXX_FEATURE:1cxx_template_template_parameters
    Feature record: CXX_FEATURE:1cxx_thread_local
    Feature record: CXX_FEATURE:1cxx_trailing_return_types
    Feature record: CXX_FEATURE:1cxx_unicode_literals
    Feature record: CXX_FEATURE:1cxx_uniform_initialization
    Feature record: CXX_FEATURE:1cxx_unrestricted_unions
    Feature record: CXX_FEATURE:1cxx_user_literals
    Feature record: CXX_FEATURE:1cxx_variable_templates
    Feature record: CXX_FEATURE:1cxx_variadic_macros
    Feature record: CXX_FEATURE:1cxx_variadic_templates


Detecting CXX [-std=c++14] compiler features compiled with the following output:
Change Dir: /home/admin/gaodawei.gdw/FSDevice/MNN/project/android/build_32/CMakeFiles/CMakeTmp

Run Build Command:"/usr/bin/make" "cmTC_bd994/fast"
/usr/bin/make -f CMakeFiles/cmTC_bd994.dir/build.make CMakeFiles/cmTC_bd994.dir/build
make[1]: Entering directory '/home/admin/gaodawei.gdw/FSDevice/MNN/project/android/build_32/CMakeFiles/CMakeTmp'
Building CXX object CMakeFiles/cmTC_bd994.dir/feature_tests.cxx.o
/home/admin/gaodawei.gdw/FSDevice/android-ndk-r25b/toolchains/llvm/prebuilt/linux-x86_64/bin/clang++ --target=armv7-none-linux-androideabi19 --sysroot=/home/admin/gaodawei.gdw/FSDevice/android-ndk-r25b/toolchains/llvm/prebuilt/linux-x86_64/sysroot    -g -DANDROID -fdata-sections -ffunction-sections -funwind-tables -fstack-protector-strong -no-canonical-prefixes -D_FORTIFY_SOURCE=2 -march=armv7-a -mthumb -Wformat -Werror=format-security    -fPIE   -std=c++14 -o CMakeFiles/cmTC_bd994.dir/feature_tests.cxx.o -c /home/admin/gaodawei.gdw/FSDevice/MNN/project/android/build_32/CMakeFiles/feature_tests.cxx
Linking CXX executable cmTC_bd994
/usr/bin/cmake -E cmake_link_script CMakeFiles/cmTC_bd994.dir/link.txt --verbose=1
/home/admin/gaodawei.gdw/FSDevice/android-ndk-r25b/toolchains/llvm/prebuilt/linux-x86_64/bin/clang++ --target=armv7-none-linux-androideabi19 --sysroot=/home/admin/gaodawei.gdw/FSDevice/android-ndk-r25b/toolchains/llvm/prebuilt/linux-x86_64/sysroot  -g -DANDROID -fdata-sections -ffunction-sections -funwind-tables -fstack-protector-strong -no-canonical-prefixes -D_FORTIFY_SOURCE=2 -march=armv7-a -mthumb -Wformat -Werror=format-security     -static-libstdc++ -Wl,--build-id=sha1 -Wl,--no-rosegment -Wl,--fatal-warnings -Wl,--gc-sections -Wl,--no-undefined -Qunused-arguments -Wl,--gc-sections   CMakeFiles/cmTC_bd994.dir/feature_tests.cxx.o  -o cmTC_bd994 -latomic -lm 
make[1]: Leaving directory '/home/admin/gaodawei.gdw/FSDevice/MNN/project/android/build_32/CMakeFiles/CMakeTmp'


    Feature record: CXX_FEATURE:1cxx_aggregate_default_initializers
    Feature record: CXX_FEATURE:1cxx_alias_templates
    Feature record: CXX_FEATURE:1cxx_alignas
    Feature record: CXX_FEATURE:1cxx_alignof
    Feature record: CXX_FEATURE:1cxx_attributes
    Feature record: CXX_FEATURE:1cxx_attribute_deprecated
    Feature record: CXX_FEATURE:1cxx_auto_type
    Feature record: CXX_FEATURE:1cxx_binary_literals
    Feature record: CXX_FEATURE:1cxx_constexpr
    Feature record: CXX_FEATURE:1cxx_contextual_conversions
    Feature record: CXX_FEATURE:1cxx_decltype
    Feature record: CXX_FEATURE:1cxx_decltype_auto
    Feature record: CXX_FEATURE:1cxx_decltype_incomplete_return_types
    Feature record: CXX_FEATURE:1cxx_default_function_template_args
    Feature record: CXX_FEATURE:1cxx_defaulted_functions
    Feature record: CXX_FEATURE:1cxx_defaulted_move_initializers
    Feature record: CXX_FEATURE:1cxx_delegating_constructors
    Feature record: CXX_FEATURE:1cxx_deleted_functions
    Feature record: CXX_FEATURE:1cxx_digit_separators
    Feature record: CXX_FEATURE:1cxx_enum_forward_declarations
    Feature record: CXX_FEATURE:1cxx_explicit_conversions
    Feature record: CXX_FEATURE:1cxx_extended_friend_declarations
    Feature record: CXX_FEATURE:1cxx_extern_templates
    Feature record: CXX_FEATURE:1cxx_final
    Feature record: CXX_FEATURE:1cxx_func_identifier
    Feature record: CXX_FEATURE:1cxx_generalized_initializers
    Feature record: CXX_FEATURE:1cxx_generic_lambdas
    Feature record: CXX_FEATURE:1cxx_inheriting_constructors
    Feature record: CXX_FEATURE:1cxx_inline_namespaces
    Feature record: CXX_FEATURE:1cxx_lambdas
    Feature record: CXX_FEATURE:1cxx_lambda_init_captures
    Feature record: CXX_FEATURE:1cxx_local_type_template_args
    Feature record: CXX_FEATURE:1cxx_long_long_type
    Feature record: CXX_FEATURE:1cxx_noexcept
    Feature record: CXX_FEATURE:1cxx_nonstatic_member_init
    Feature record: CXX_FEATURE:1cxx_nullptr
    Feature record: CXX_FEATURE:1cxx_override
    Feature record: CXX_FEATURE:1cxx_range_for
    Feature record: CXX_FEATURE:1cxx_raw_string_literals
    Feature record: CXX_FEATURE:1cxx_reference_qualified_functions
    Feature record: CXX_FEATURE:1cxx_relaxed_constexpr
    Feature record: CXX_FEATURE:1cxx_return_type_deduction
    Feature record: CXX_FEATURE:1cxx_right_angle_brackets
    Feature record: CXX_FEATURE:1cxx_rvalue_references
    Feature record: CXX_FEATURE:1cxx_sizeof_member
    Feature record: CXX_FEATURE:1cxx_static_assert
    Feature record: CXX_FEATURE:1cxx_strong_enums
    Feature record: CXX_FEATURE:1cxx_template_template_parameters
    Feature record: CXX_FEATURE:1cxx_thread_local
    Feature record: CXX_FEATURE:1cxx_trailing_return_types
    Feature record: CXX_FEATURE:1cxx_unicode_literals
    Feature record: CXX_FEATURE:1cxx_uniform_initialization
    Feature record: CXX_FEATURE:1cxx_unrestricted_unions
    Feature record: CXX_FEATURE:1cxx_user_literals
    Feature record: CXX_FEATURE:1cxx_variable_templates
    Feature record: CXX_FEATURE:1cxx_variadic_macros
    Feature record: CXX_FEATURE:1cxx_variadic_templates


Detecting CXX [-std=c++11] compiler features compiled with the following output:
Change Dir: /home/admin/gaodawei.gdw/FSDevice/MNN/project/android/build_32/CMakeFiles/CMakeTmp

Run Build Command:"/usr/bin/make" "cmTC_60737/fast"
/usr/bin/make -f CMakeFiles/cmTC_60737.dir/build.make CMakeFiles/cmTC_60737.dir/build
make[1]: Entering directory '/home/admin/gaodawei.gdw/FSDevice/MNN/project/android/build_32/CMakeFiles/CMakeTmp'
Building CXX object CMakeFiles/cmTC_60737.dir/feature_tests.cxx.o
/home/admin/gaodawei.gdw/FSDevice/android-ndk-r25b/toolchains/llvm/prebuilt/linux-x86_64/bin/clang++ --target=armv7-none-linux-androideabi19 --sysroot=/home/admin/gaodawei.gdw/FSDevice/android-ndk-r25b/toolchains/llvm/prebuilt/linux-x86_64/sysroot    -g -DANDROID -fdata-sections -ffunction-sections -funwind-tables -fstack-protector-strong -no-canonical-prefixes -D_FORTIFY_SOURCE=2 -march=armv7-a -mthumb -Wformat -Werror=format-security    -fPIE   -std=c++11 -o CMakeFiles/cmTC_60737.dir/feature_tests.cxx.o -c /home/admin/gaodawei.gdw/FSDevice/MNN/project/android/build_32/CMakeFiles/feature_tests.cxx
Linking CXX executable cmTC_60737
/usr/bin/cmake -E cmake_link_script CMakeFiles/cmTC_60737.dir/link.txt --verbose=1
/home/admin/gaodawei.gdw/FSDevice/android-ndk-r25b/toolchains/llvm/prebuilt/linux-x86_64/bin/clang++ --target=armv7-none-linux-androideabi19 --sysroot=/home/admin/gaodawei.gdw/FSDevice/android-ndk-r25b/toolchains/llvm/prebuilt/linux-x86_64/sysroot  -g -DANDROID -fdata-sections -ffunction-sections -funwind-tables -fstack-protector-strong -no-canonical-prefixes -D_FORTIFY_SOURCE=2 -march=armv7-a -mthumb -Wformat -Werror=format-security     -static-libstdc++ -Wl,--build-id=sha1 -Wl,--no-rosegment -Wl,--fatal-warnings -Wl,--gc-sections -Wl,--no-undefined -Qunused-arguments -Wl,--gc-sections   CMakeFiles/cmTC_60737.dir/feature_tests.cxx.o  -o cmTC_60737 -latomic -lm 
make[1]: Leaving directory '/home/admin/gaodawei.gdw/FSDevice/MNN/project/android/build_32/CMakeFiles/CMakeTmp'


    Feature record: CXX_FEATURE:0cxx_aggregate_default_initializers
    Feature record: CXX_FEATURE:1cxx_alias_templates
    Feature record: CXX_FEATURE:1cxx_alignas
    Feature record: CXX_FEATURE:1cxx_alignof
    Feature record: CXX_FEATURE:1cxx_attributes
    Feature record: CXX_FEATURE:0cxx_attribute_deprecated
    Feature record: CXX_FEATURE:1cxx_auto_type
    Feature record: CXX_FEATURE:0cxx_binary_literals
    Feature record: CXX_FEATURE:1cxx_constexpr
    Feature record: CXX_FEATURE:0cxx_contextual_conversions
    Feature record: CXX_FEATURE:1cxx_decltype
    Feature record: CXX_FEATURE:0cxx_decltype_auto
    Feature record: CXX_FEATURE:1cxx_decltype_incomplete_return_types
    Feature record: CXX_FEATURE:1cxx_default_function_template_args
    Feature record: CXX_FEATURE:1cxx_defaulted_functions
    Feature record: CXX_FEATURE:1cxx_defaulted_move_initializers
    Feature record: CXX_FEATURE:1cxx_delegating_constructors
    Feature record: CXX_FEATURE:1cxx_deleted_functions
    Feature record: CXX_FEATURE:0cxx_digit_separators
    Feature record: CXX_FEATURE:1cxx_enum_forward_declarations
    Feature record: CXX_FEATURE:1cxx_explicit_conversions
    Feature record: CXX_FEATURE:1cxx_extended_friend_declarations
    Feature record: CXX_FEATURE:1cxx_extern_templates
    Feature record: CXX_FEATURE:1cxx_final
    Feature record: CXX_FEATURE:1cxx_func_identifier
    Feature record: CXX_FEATURE:1cxx_generalized_initializers
    Feature record: CXX_FEATURE:0cxx_generic_lambdas
    Feature record: CXX_FEATURE:1cxx_inheriting_constructors
    Feature record: CXX_FEATURE:1cxx_inline_namespaces
    Feature record: CXX_FEATURE:1cxx_lambdas
    Feature record: CXX_FEATURE:0cxx_lambda_init_captures
    Feature record: CXX_FEATURE:1cxx_local_type_template_args
    Feature record: CXX_FEATURE:1cxx_long_long_type
    Feature record: CXX_FEATURE:1cxx_noexcept
    Feature record: CXX_FEATURE:1cxx_nonstatic_member_init
    Feature record: CXX_FEATURE:1cxx_nullptr
    Feature record: CXX_FEATURE:1cxx_override
    Feature record: CXX_FEATURE:1cxx_range_for
    Feature record: CXX_FEATURE:1cxx_raw_string_literals
    Feature record: CXX_FEATURE:1cxx_reference_qualified_functions
    Feature record: CXX_FEATURE:0cxx_relaxed_constexpr
    Feature record: CXX_FEATURE:0cxx_return_type_deduction
    Feature record: CXX_FEATURE:1cxx_right_angle_brackets
    Feature record: CXX_FEATURE:1cxx_rvalue_references
    Feature record: CXX_FEATURE:1cxx_sizeof_member
    Feature record: CXX_FEATURE:1cxx_static_assert
    Feature record: CXX_FEATURE:1cxx_strong_enums
    Feature record: CXX_FEATURE:1cxx_template_template_parameters
    Feature record: CXX_FEATURE:1cxx_thread_local
    Feature record: CXX_FEATURE:1cxx_trailing_return_types
    Feature record: CXX_FEATURE:1cxx_unicode_literals
    Feature record: CXX_FEATURE:1cxx_uniform_initialization
    Feature record: CXX_FEATURE:1cxx_unrestricted_unions
    Feature record: CXX_FEATURE:1cxx_user_literals
    Feature record: CXX_FEATURE:0cxx_variable_templates
    Feature record: CXX_FEATURE:1cxx_variadic_macros
    Feature record: CXX_FEATURE:1cxx_variadic_templates


Detecting CXX [-std=c++98] compiler features compiled with the following output:
Change Dir: /home/admin/gaodawei.gdw/FSDevice/MNN/project/android/build_32/CMakeFiles/CMakeTmp

Run Build Command:"/usr/bin/make" "cmTC_0f300/fast"
/usr/bin/make -f CMakeFiles/cmTC_0f300.dir/build.make CMakeFiles/cmTC_0f300.dir/build
make[1]: Entering directory '/home/admin/gaodawei.gdw/FSDevice/MNN/project/android/build_32/CMakeFiles/CMakeTmp'
Building CXX object CMakeFiles/cmTC_0f300.dir/feature_tests.cxx.o
/home/admin/gaodawei.gdw/FSDevice/android-ndk-r25b/toolchains/llvm/prebuilt/linux-x86_64/bin/clang++ --target=armv7-none-linux-androideabi19 --sysroot=/home/admin/gaodawei.gdw/FSDevice/android-ndk-r25b/toolchains/llvm/prebuilt/linux-x86_64/sysroot    -g -DANDROID -fdata-sections -ffunction-sections -funwind-tables -fstack-protector-strong -no-canonical-prefixes -D_FORTIFY_SOURCE=2 -march=armv7-a -mthumb -Wformat -Werror=format-security    -fPIE   -std=c++98 -o CMakeFiles/cmTC_0f300.dir/feature_tests.cxx.o -c /home/admin/gaodawei.gdw/FSDevice/MNN/project/android/build_32/CMakeFiles/feature_tests.cxx
Linking CXX executable cmTC_0f300
/usr/bin/cmake -E cmake_link_script CMakeFiles/cmTC_0f300.dir/link.txt --verbose=1
/home/admin/gaodawei.gdw/FSDevice/android-ndk-r25b/toolchains/llvm/prebuilt/linux-x86_64/bin/clang++ --target=armv7-none-linux-androideabi19 --sysroot=/home/admin/gaodawei.gdw/FSDevice/android-ndk-r25b/toolchains/llvm/prebuilt/linux-x86_64/sysroot  -g -DANDROID -fdata-sections -ffunction-sections -funwind-tables -fstack-protector-strong -no-canonical-prefixes -D_FORTIFY_SOURCE=2 -march=armv7-a -mthumb -Wformat -Werror=format-security     -static-libstdc++ -Wl,--build-id=sha1 -Wl,--no-rosegment -Wl,--fatal-warnings -Wl,--gc-sections -Wl,--no-undefined -Qunused-arguments -Wl,--gc-sections   CMakeFiles/cmTC_0f300.dir/feature_tests.cxx.o  -o cmTC_0f300 -latomic -lm 
make[1]: Leaving directory '/home/admin/gaodawei.gdw/FSDevice/MNN/project/android/build_32/CMakeFiles/CMakeTmp'


    Feature record: CXX_FEATURE:0cxx_aggregate_default_initializers
    Feature record: CXX_FEATURE:0cxx_alias_templates
    Feature record: CXX_FEATURE:0cxx_alignas
    Feature record: CXX_FEATURE:0cxx_alignof
    Feature record: CXX_FEATURE:0cxx_attributes
    Feature record: CXX_FEATURE:0cxx_attribute_deprecated
    Feature record: CXX_FEATURE:0cxx_auto_type
    Feature record: CXX_FEATURE:0cxx_binary_literals
    Feature record: CXX_FEATURE:0cxx_constexpr
    Feature record: CXX_FEATURE:0cxx_contextual_conversions
    Feature record: CXX_FEATURE:0cxx_decltype
    Feature record: CXX_FEATURE:0cxx_decltype_auto
    Feature record: CXX_FEATURE:0cxx_decltype_incomplete_return_types
    Feature record: CXX_FEATURE:0cxx_default_function_template_args
    Feature record: CXX_FEATURE:0cxx_defaulted_functions
    Feature record: CXX_FEATURE:0cxx_defaulted_move_initializers
    Feature record: CXX_FEATURE:0cxx_delegating_constructors
    Feature record: CXX_FEATURE:0cxx_deleted_functions
    Feature record: CXX_FEATURE:0cxx_digit_separators
    Feature record: CXX_FEATURE:0cxx_enum_forward_declarations
    Feature record: CXX_FEATURE:0cxx_explicit_conversions
    Feature record: CXX_FEATURE:0cxx_extended_friend_declarations
    Feature record: CXX_FEATURE:0cxx_extern_templates
    Feature record: CXX_FEATURE:0cxx_final
    Feature record: CXX_FEATURE:0cxx_func_identifier
    Feature record: CXX_FEATURE:0cxx_generalized_initializers
    Feature record: CXX_FEATURE:0cxx_generic_lambdas
    Feature record: CXX_FEATURE:0cxx_inheriting_constructors
    Feature record: CXX_FEATURE:0cxx_inline_namespaces
    Feature record: CXX_FEATURE:0cxx_lambdas
    Feature record: CXX_FEATURE:0cxx_lambda_init_captures
    Feature record: CXX_FEATURE:0cxx_local_type_template_args
    Feature record: CXX_FEATURE:0cxx_long_long_type
    Feature record: CXX_FEATURE:0cxx_noexcept
    Feature record: CXX_FEATURE:0cxx_nonstatic_member_init
    Feature record: CXX_FEATURE:0cxx_nullptr
    Feature record: CXX_FEATURE:0cxx_override
    Feature record: CXX_FEATURE:0cxx_range_for
    Feature record: CXX_FEATURE:0cxx_raw_string_literals
    Feature record: CXX_FEATURE:0cxx_reference_qualified_functions
    Feature record: CXX_FEATURE:0cxx_relaxed_constexpr
    Feature record: CXX_FEATURE:0cxx_return_type_deduction
    Feature record: CXX_FEATURE:0cxx_right_angle_brackets
    Feature record: CXX_FEATURE:0cxx_rvalue_references
    Feature record: CXX_FEATURE:0cxx_sizeof_member
    Feature record: CXX_FEATURE:0cxx_static_assert
    Feature record: CXX_FEATURE:0cxx_strong_enums
    Feature record: CXX_FEATURE:1cxx_template_template_parameters
    Feature record: CXX_FEATURE:0cxx_thread_local
    Feature record: CXX_FEATURE:0cxx_trailing_return_types
    Feature record: CXX_FEATURE:0cxx_unicode_literals
    Feature record: CXX_FEATURE:0cxx_uniform_initialization
    Feature record: CXX_FEATURE:0cxx_unrestricted_unions
    Feature record: CXX_FEATURE:0cxx_user_literals
    Feature record: CXX_FEATURE:0cxx_variable_templates
    Feature record: CXX_FEATURE:0cxx_variadic_macros
    Feature record: CXX_FEATURE:0cxx_variadic_templates
Determining if the include file pthread.h exists passed with the following output:
Change Dir: /home/admin/gaodawei.gdw/FSDevice/MNN/project/android/build_32/CMakeFiles/CMakeTmp

Run Build Command:"/usr/bin/make" "cmTC_fb19b/fast"
/usr/bin/make -f CMakeFiles/cmTC_fb19b.dir/build.make CMakeFiles/cmTC_fb19b.dir/build
make[1]: Entering directory '/home/admin/gaodawei.gdw/FSDevice/MNN/project/android/build_32/CMakeFiles/CMakeTmp'
Building C object CMakeFiles/cmTC_fb19b.dir/CheckIncludeFile.c.o
/home/admin/gaodawei.gdw/FSDevice/android-ndk-r25b/toolchains/llvm/prebuilt/linux-x86_64/bin/clang --target=armv7-none-linux-androideabi19 --sysroot=/home/admin/gaodawei.gdw/FSDevice/android-ndk-r25b/toolchains/llvm/prebuilt/linux-x86_64/sysroot   -g -DANDROID -fdata-sections -ffunction-sections -funwind-tables -fstack-protector-strong -no-canonical-prefixes -D_FORTIFY_SOURCE=2 -march=armv7-a -mthumb -Wformat -Werror=format-security  -std=gnu99 -O3  -fPIE   -o CMakeFiles/cmTC_fb19b.dir/CheckIncludeFile.c.o   -c /home/admin/gaodawei.gdw/FSDevice/MNN/project/android/build_32/CMakeFiles/CMakeTmp/CheckIncludeFile.c
Linking C executable cmTC_fb19b
/usr/bin/cmake -E cmake_link_script CMakeFiles/cmTC_fb19b.dir/link.txt --verbose=1
/home/admin/gaodawei.gdw/FSDevice/android-ndk-r25b/toolchains/llvm/prebuilt/linux-x86_64/bin/clang --target=armv7-none-linux-androideabi19 --sysroot=/home/admin/gaodawei.gdw/FSDevice/android-ndk-r25b/toolchains/llvm/prebuilt/linux-x86_64/sysroot -g -DANDROID -fdata-sections -ffunction-sections -funwind-tables -fstack-protector-strong -no-canonical-prefixes -D_FORTIFY_SOURCE=2 -march=armv7-a -mthumb -Wformat -Werror=format-security  -std=gnu99 -O3   -static-libstdc++ -Wl,--build-id=sha1 -Wl,--no-rosegment -Wl,--fatal-warnings -Wl,--gc-sections -Wl,--no-undefined -Qunused-arguments -Wl,--gc-sections   CMakeFiles/cmTC_fb19b.dir/CheckIncludeFile.c.o  -o cmTC_fb19b -latomic -lm 
make[1]: Leaving directory '/home/admin/gaodawei.gdw/FSDevice/MNN/project/android/build_32/CMakeFiles/CMakeTmp'


Determining if the pthread_create exist passed with the following output:
Change Dir: /home/admin/gaodawei.gdw/FSDevice/MNN/project/android/build_32/CMakeFiles/CMakeTmp

Run Build Command:"/usr/bin/make" "cmTC_3b90d/fast"
/usr/bin/make -f CMakeFiles/cmTC_3b90d.dir/build.make CMakeFiles/cmTC_3b90d.dir/build
make[1]: Entering directory '/home/admin/gaodawei.gdw/FSDevice/MNN/project/android/build_32/CMakeFiles/CMakeTmp'
Building C object CMakeFiles/cmTC_3b90d.dir/CheckSymbolExists.c.o
/home/admin/gaodawei.gdw/FSDevice/android-ndk-r25b/toolchains/llvm/prebuilt/linux-x86_64/bin/clang --target=armv7-none-linux-androideabi19 --sysroot=/home/admin/gaodawei.gdw/FSDevice/android-ndk-r25b/toolchains/llvm/prebuilt/linux-x86_64/sysroot   -g -DANDROID -fdata-sections -ffunction-sections -funwind-tables -fstack-protector-strong -no-canonical-prefixes -D_FORTIFY_SOURCE=2 -march=armv7-a -mthumb -Wformat -Werror=format-security  -std=gnu99 -O3  -fPIE   -o CMakeFiles/cmTC_3b90d.dir/CheckSymbolExists.c.o   -c /home/admin/gaodawei.gdw/FSDevice/MNN/project/android/build_32/CMakeFiles/CMakeTmp/CheckSymbolExists.c
Linking C executable cmTC_3b90d
/usr/bin/cmake -E cmake_link_script CMakeFiles/cmTC_3b90d.dir/link.txt --verbose=1
/home/admin/gaodawei.gdw/FSDevice/android-ndk-r25b/toolchains/llvm/prebuilt/linux-x86_64/bin/clang --target=armv7-none-linux-androideabi19 --sysroot=/home/admin/gaodawei.gdw/FSDevice/android-ndk-r25b/toolchains/llvm/prebuilt/linux-x86_64/sysroot -g -DANDROID -fdata-sections -ffunction-sections -funwind-tables -fstack-protector-strong -no-canonical-prefixes -D_FORTIFY_SOURCE=2 -march=armv7-a -mthumb -Wformat -Werror=format-security  -std=gnu99 -O3   -static-libstdc++ -Wl,--build-id=sha1 -Wl,--no-rosegment -Wl,--fatal-warnings -Wl,--gc-sections -Wl,--no-undefined -Qunused-arguments -Wl,--gc-sections   CMakeFiles/cmTC_3b90d.dir/CheckSymbolExists.c.o  -o cmTC_3b90d -latomic -lm 
make[1]: Leaving directory '/home/admin/gaodawei.gdw/FSDevice/MNN/project/android/build_32/CMakeFiles/CMakeTmp'

File /home/admin/gaodawei.gdw/FSDevice/MNN/project/android/build_32/CMakeFiles/CMakeTmp/CheckSymbolExists.c:
/* */
#include <pthread.h>

int main(int argc, char** argv)
{
  (void)argv;
#ifndef pthread_create
  return ((int*)(&pthread_create))[argc];
#else
  (void)argc;
  return 0;
#endif
}

